1684137270704	geckodriver	INFO	Listening on 127.0.0.1:55707
1684137273794	mozrunner::runner	INFO	Running command: "C:\\Program Files\\Mozilla Firefox\\firefox.exe" "--marionette" "--remote-debugging-port" "55708" "--remote-allow-hosts" "localhost" "-no-remote" "-profile" "C:\\Users\\SC-229~1\\AppData\\Local\\Temp\\rust_mozprofile9O3It2"
console.warn: services.settings: Ignoring preference override of remote settings server
console.warn: services.settings: Allow by setting MOZ_REMOTE_SETTINGS_DEVTOOLS=1 in the environment
1684137274170	Marionette	INFO	Marionette enabled
Dynamically enable window occlusion 0
1684137274176	Marionette	INFO	Listening on port 55719
Read port: 55719
WebDriver BiDi listening on ws://127.0.0.1:55708
1684137274375	RemoteAgent	WARN	TLS certificate errors will be ignored for this session
console.warn: SearchSettings: "get: No settings file exists, new profile?" (new NotFoundError("Could not open the file at C:\\Users\\SC-229~1\\AppData\\Local\\Temp\\rust_mozprofile9O3It2\\search.json.mozlz4", (void 0)))
[ERROR glean_core] Error setting metrics feature config: Json(Error("EOF while parsing a value", line: 1, column: 0))
DevTools listening on ws://127.0.0.1:55708/devtools/browser/413ab715-cdbd-43c0-bbc7-3ecb66f98cd5
console.warn: LoginRecipes: "Falling back to a synchronous message for: https://accounts.google.com."
JavaScript warning: https://accounts.google.com/v3/signin/identifier?dsh=S-905517227%3A1684137275930356&access_type=offline&approval_prompt=force&client_id=813884923592-s4pq7m2dtqji55di8okj4ktm82bd8hr5.apps.googleusercontent.com&o2v=1&redirect_uri=https%3A%2F%2Fqa106-admin.rebase.in%2Foauth2callback&response_type=code&scope=openid+email&service=lso&flowName=GeneralOAuthFlow&continue=https%3A%2F%2Faccounts.google.com%2Fsignin%2Foauth%2Fconsent%3Fauthuser%3Dunknown%26part%3DAJi8hAOuOfmXhlTT6NBlMaw3VRepAwJbgTT959kbghjaguqDyIqLyRDik8GG4Zr1qUpkiqXngWDpGMprJEYzL7Mq5t0yo8Miix58ri3g-WtfHF2KJD1Bf8aRLYUlCYX7v1PbBlfAvLOlbEDHSwTaQP7K8ZLQrA5xLMYo5H0HOX6svDjDns-HT3YP5BGJfTISyBfSopwnKPP1E_mQBNDsXl9b464ndeisvdgZTIR1aWNXEFsEEsKtGVRT4u5RqKuG-szpUm0R-niNMpnHk-_Om9O0wL1jmhW4Q32-FtikldqXIZk6C5XxU7W29nqKPM9Tpry2-GQqpJIQ56LlXoeKPgESgzMCJx4dQyAq1RLIfIMwXLSn90LvuuDMApt03MdF9TYSJZ9NJOmXsVxmqmAnUlYMQkP2dLoWgzAXKcWS8H6N0cJ0kBP7bkg3d8nLgJsgItWLyXa139snanOSXsnjlQ34_Ljq85NH0Q%26as%3DS-905517227%253A1684137275930356%26client_id%3D813884923592-s4pq7m2dtqji55di8okj4ktm82bd8hr5.apps.googleusercontent.com%23&app_domain=https%3A%2F%2Fqa106-admin.rebase.in&rart=ANgoxceXijkTmDaMse4Q2mIRqpqKGPtl4NZ_HjTqtJpOTo_aNvwnYtJkyQVk8bvkc4OVJVpeAJBY4qYROHOY_ls-XxAl3lDTpQ line 205 > injectedScript line 2 > eval line 1128 > eval line 1 > eval line 1 > eval, line 1: WEBGL_debug_renderer_info is deprecated in Firefox and will be removed. Please use RENDERER.
console.warn: LoginRecipes: "Falling back to a synchronous message for: https://accounts.google.com."
JavaScript warning: https://accounts.google.com/v3/signin/identifier?dsh=S-905517227%3A1684137275930356&access_type=offline&approval_prompt=force&client_id=813884923592-s4pq7m2dtqji55di8okj4ktm82bd8hr5.apps.googleusercontent.com&o2v=1&redirect_uri=https%3A%2F%2Fqa106-admin.rebase.in%2Foauth2callback&response_type=code&scope=openid+email&service=lso&flowName=GeneralOAuthFlow&continue=https%3A%2F%2Faccounts.google.com%2Fsignin%2Foauth%2Fconsent%3Fauthuser%3Dunknown%26part%3DAJi8hAOuOfmXhlTT6NBlMaw3VRepAwJbgTT959kbghjaguqDyIqLyRDik8GG4Zr1qUpkiqXngWDpGMprJEYzL7Mq5t0yo8Miix58ri3g-WtfHF2KJD1Bf8aRLYUlCYX7v1PbBlfAvLOlbEDHSwTaQP7K8ZLQrA5xLMYo5H0HOX6svDjDns-HT3YP5BGJfTISyBfSopwnKPP1E_mQBNDsXl9b464ndeisvdgZTIR1aWNXEFsEEsKtGVRT4u5RqKuG-szpUm0R-niNMpnHk-_Om9O0wL1jmhW4Q32-FtikldqXIZk6C5XxU7W29nqKPM9Tpry2-GQqpJIQ56LlXoeKPgESgzMCJx4dQyAq1RLIfIMwXLSn90LvuuDMApt03MdF9TYSJZ9NJOmXsVxmqmAnUlYMQkP2dLoWgzAXKcWS8H6N0cJ0kBP7bkg3d8nLgJsgItWLyXa139snanOSXsnjlQ34_Ljq85NH0Q%26as%3DS-905517227%253A1684137275930356%26client_id%3D813884923592-s4pq7m2dtqji55di8okj4ktm82bd8hr5.apps.googleusercontent.com%23&app_domain=https%3A%2F%2Fqa106-admin.rebase.in&rart=ANgoxceXijkTmDaMse4Q2mIRqpqKGPtl4NZ_HjTqtJpOTo_aNvwnYtJkyQVk8bvkc4OVJVpeAJBY4qYROHOY_ls-XxAl3lDTpQ line 205 > injectedScript line 2 > eval line 6108 > eval line 1 > eval line 1 > eval, line 1: WEBGL_debug_renderer_info is deprecated in Firefox and will be removed. Please use RENDERER.
console.warn: LoginRecipes: "Falling back to a synchronous message for: https://accounts.google.com."
JavaScript warning: https://accounts.google.com/o/oauth2/auth?client_id=813884923592-s4pq7m2dtqji55di8okj4ktm82bd8hr5.apps.googleusercontent.com&redirect_uri=https://qa106-admin.rebase.in/oauth2callback&response_type=code&scope=openid%20email&approval_prompt=force&access_type=offline line 2 > eval line 7167 > eval line 1 > eval line 1 > eval, line 1: WEBGL_debug_renderer_info is deprecated in Firefox and will be removed. Please use RENDERER.
JavaScript error: resource://gre/modules/AsyncShutdown.sys.mjs, line 576: NotFoundError: No such JSWindowActor 'DevToolsFrame'
1684138787763	Marionette	INFO	Stopped listening on port 55719
Dynamically enable window occlusion 1
1685973980484	geckodriver	INFO	Listening on 127.0.0.1:61772
1685973983524	mozrunner::runner	INFO	Running command: "C:\\Program Files\\Mozilla Firefox\\firefox.exe" "--marionette" "--remote-debugging-port" "61773" "--remote-allow-hosts" "localhost" "-no-remote" "-profile" "C:\\Users\\SC-229~1\\AppData\\Local\\Temp\\rust_mozprofilehEZ8b1"
console.warn: services.settings: Ignoring preference override of remote settings server
console.warn: services.settings: Allow by setting MOZ_REMOTE_SETTINGS_DEVTOOLS=1 in the environment
1685973984043	Marionette	INFO	Marionette enabled
Dynamically enable window occlusion 0
1685973984049	Marionette	INFO	Listening on port 61782
Read port: 61782
WebDriver BiDi listening on ws://127.0.0.1:61773
1685973984320	RemoteAgent	WARN	TLS certificate errors will be ignored for this session
[ERROR glean_core] Error setting metrics feature config: Json(Error("EOF while parsing a value", line: 1, column: 0))
DevTools listening on ws://127.0.0.1:61773/devtools/browser/77556802-b2a1-48a9-a4a6-9cd504951e08
console.warn: LoginRecipes: "Falling back to a synchronous message for: https://accounts.google.com."
JavaScript warning: https://accounts.google.com/v3/signin/identifier?dsh=S-267687341%3A1685973989007290&access_type=offline&approval_prompt=force&client_id=813884923592-s4pq7m2dtqji55di8okj4ktm82bd8hr5.apps.googleusercontent.com&o2v=1&redirect_uri=https%3A%2F%2Fqa106-admin.rebase.in%2Foauth2callback&response_type=code&scope=openid+email&service=lso&flowName=GeneralOAuthFlow&continue=https%3A%2F%2Faccounts.google.com%2Fsignin%2Foauth%2Fconsent%3Fauthuser%3Dunknown%26part%3DAJi8hAOPSikLneokMKRi2bLq68odcsgYLfY3Z0Lm8nasDpHZxN1pFc3SSI8-iuijnW8AfvYcRrmVDAiFdPjpp2gKazw4wysUHZaDHhvFr_uMghKOTU3RYX1hOrQdGUt--0oVq2SJVivHiUs5oGoyr3nVdA1hmFmn3t4KJQn3Q6ZOwodeT_DnT4MAtuc2wM50h9Rw6vd2ymWdu9VWe4t6RHs7nNtBNc_FjgENgPqVwVjnl2XMTrVQtgnngfcRd00JLkzr-MXfPjYXM0fwyjseOAB-HTat_DKCKBUj5gwGqndBdxPcbQw0DP3ctHQuDk29_6ViYMfCGTmREhiJlFOTZAn4oWOx9teSxaqfoRSbEPV-kE8gfSB6qBzksZMVvjRrI7DJwS5-_eD2tjXMF6KnaZY-zrNDdQorKsb8reRlOew7XGenV1uNsX1e3yNK5O8SIGGkfYVKzK83tnHWaWzg2gf0kF9jfFJrMA%26as%3DS-267687341%253A1685973989007290%26client_id%3D813884923592-s4pq7m2dtqji55di8okj4ktm82bd8hr5.apps.googleusercontent.com%23&app_domain=https%3A%2F%2Fqa106-admin.rebase.in&rart=ANgoxccD1-QH2-2ffYCKV5ZOyoG2RIsfSy8dofVq-dFHO_AySnVePwEPa2IX1rIa_HHNU8TCH8VFn4ne4g8_danDpA_UC6FWUg line 205 > injectedScript line 2 > eval line 1224 > eval line 1 > eval line 1 > eval, line 1: WEBGL_debug_renderer_info is deprecated in Firefox and will be removed. Please use RENDERER.
console.warn: LoginRecipes: "Falling back to a synchronous message for: https://accounts.google.com."
[Child 22368, Main Thread] WARNING: JSWindowActorChild::SendRawMessage (Conduits, ConduitClosed) not sent: !CanSend() || !mManager || !mManager->CanSend(): file /builds/worker/checkouts/gecko/dom/ipc/jsactor/JSWindowActorChild.cpp:57
[Child 22368, Main Thread] WARNING: JSWindowActorChild::SendRawMessage (Conduits, ConduitClosed) not sent: !CanSend() || !mManager || !mManager->CanSend(): file /builds/worker/checkouts/gecko/dom/ipc/jsactor/JSWindowActorChild.cpp:57
[Child 22368, Main Thread] WARNING: JSWindowActorChild::SendRawMessage (Conduits, ConduitClosed) not sent: !CanSend() || !mManager || !mManager->CanSend(): file /builds/worker/checkouts/gecko/dom/ipc/jsactor/JSWindowActorChild.cpp:57
[Child 22368, Main Thread] WARNING: JSWindowActorChild::SendRawMessage (Conduits, ConduitClosed) not sent: !CanSend() || !mManager || !mManager->CanSend(): file /builds/worker/checkouts/gecko/dom/ipc/jsactor/JSWindowActorChild.cpp:57
[Child 22368, Main Thread] WARNING: JSWindowActorChild::SendRawMessage (Conduits, ConduitClosed) not sent: !CanSend() || !mManager || !mManager->CanSend(): file /builds/worker/checkouts/gecko/dom/ipc/jsactor/JSWindowActorChild.cpp:57
[Child 22368, Main Thread] WARNING: JSWindowActorChild::SendRawMessage (Conduits, ConduitClosed) not sent: !CanSend() || !mManager || !mManager->CanSend(): file /builds/worker/checkouts/gecko/dom/ipc/jsactor/JSWindowActorChild.cpp:57
[Child 22368, Main Thread] WARNING: JSWindowActorChild::SendRawMessage (Conduits, ConduitClosed) not sent: !CanSend() || !mManager || !mManager->CanSend(): file /builds/worker/checkouts/gecko/dom/ipc/jsactor/JSWindowActorChild.cpp:57
[Child 22368, Main Thread] WARNING: JSWindowActorChild::SendRawMessage (Conduits, ConduitClosed) not sent: !CanSend() || !mManager || !mManager->CanSend(): file /builds/worker/checkouts/gecko/dom/ipc/jsactor/JSWindowActorChild.cpp:57
1685974027431	Marionette	INFO	Stopped listening on port 61782
Dynamically enable window occlusion 1
WARNING: A blocker encountered an error while we were waiting.
          Blocker:  Waiting for ping task
          Phase: TelemetryController: Waiting for pending ping activity
          State: (none)
WARNING: Error: Phase "profile-before-change" is finished, it is too late to register completion condition "OS.File: flush I/O queued before profileBeforeChange"
WARNING: addBlocker@resource://gre/modules/AsyncShutdown.sys.mjs:727:15
addBlocker@resource://gre/modules/AsyncShutdown.sys.mjs:523:26
addBlocker@resource://gre/modules/AsyncShutdown.sys.mjs:458:15
setupShutdown@resource://gre/modules/osfile/osfile_async_front.jsm:1548:28
@resource://gre/modules/osfile/osfile_async_front.jsm:1568:16
@resource://gre/modules/osfile.jsm:12:30
@resource://gre/modules/TelemetryStorage.sys.mjs:10:28
_checkPendingPings@resource://gre/modules/TelemetrySend.sys.mjs:859:17
setup@resource://gre/modules/TelemetrySend.sys.mjs:799:18
setup@resource://gre/modules/TelemetrySend.sys.mjs:237:30
setupTelemetry/this._delayedInitTask<@resource://gre/modules/TelemetryControllerParent.sys.mjs:824:36
observe@resource://gre/modules/AsyncShutdown.sys.mjs:576:16

console.error: "TelemetryScheduler.shutdown - Already shut down"
WARNING: A blocker encountered an error while we were waiting.
          Blocker:  Waiting for ping task
          Phase: TelemetryController: Waiting for pending ping activity
          State: (none)
WARNING: Error: Phase "profile-before-change" is finished, it is too late to register completion condition "OS.File: flush I/O queued before profileBeforeChange"
WARNING: addBlocker@resource://gre/modules/AsyncShutdown.sys.mjs:727:15
addBlocker@resource://gre/modules/AsyncShutdown.sys.mjs:523:26
addBlocker@resource://gre/modules/AsyncShutdown.sys.mjs:458:15
setupShutdown@resource://gre/modules/osfile/osfile_async_front.jsm:1548:28
@resource://gre/modules/osfile/osfile_async_front.jsm:1568:16
@resource://gre/modules/osfile.jsm:12:30
@resource://gre/modules/TelemetryStorage.sys.mjs:10:28
_checkPendingPings@resource://gre/modules/TelemetrySend.sys.mjs:859:17
setup@resource://gre/modules/TelemetrySend.sys.mjs:799:18
setup@resource://gre/modules/TelemetrySend.sys.mjs:237:30
setupTelemetry/this._delayedInitTask<@resource://gre/modules/TelemetryControllerParent.sys.mjs:824:36
observe@resource://gre/modules/AsyncShutdown.sys.mjs:576:16

WARNING: A blocker encountered an error while we were waiting.
          Blocker:  Waiting for ping task
          Phase: TelemetryController: Waiting for pending ping activity
          State: (none)
WARNING: Error: Phase "profile-before-change" is finished, it is too late to register completion condition "OS.File: flush I/O queued before profileBeforeChange"
WARNING: addBlocker@resource://gre/modules/AsyncShutdown.sys.mjs:727:15
addBlocker@resource://gre/modules/AsyncShutdown.sys.mjs:523:26
addBlocker@resource://gre/modules/AsyncShutdown.sys.mjs:458:15
setupShutdown@resource://gre/modules/osfile/osfile_async_front.jsm:1548:28
@resource://gre/modules/osfile/osfile_async_front.jsm:1568:16
@resource://gre/modules/osfile.jsm:12:30
@resource://gre/modules/TelemetryStorage.sys.mjs:10:28
_checkPendingPings@resource://gre/modules/TelemetrySend.sys.mjs:859:17
setup@resource://gre/modules/TelemetrySend.sys.mjs:799:18
setup@resource://gre/modules/TelemetrySend.sys.mjs:237:30
setupTelemetry/this._delayedInitTask<@resource://gre/modules/TelemetryControllerParent.sys.mjs:824:36
observe@resource://gre/modules/AsyncShutdown.sys.mjs:576:16

WARNING: A blocker encountered an error while we were waiting.
          Blocker:  TelemetryController: shutting down
          Phase: profile-before-change-telemetry
          State: Error getting state: Error: Phase "profile-before-change" is finished, it is too late to register completion condition "OS.File: flush I/O queued before profileBeforeChange" at addBlocker@resource://gre/modules/AsyncShutdown.sys.mjs:727:15
addBlocker@resource://gre/modules/AsyncShutdown.sys.mjs:523:26
addBlocker@resource://gre/modules/AsyncShutdown.sys.mjs:458:15
setupShutdown@resource://gre/modules/osfile/osfile_async_front.jsm:1548:28
@resource://gre/modules/osfile/osfile_async_front.jsm:1568:16
@resource://gre/modules/osfile.jsm:12:30
@resource://gre/modules/TelemetryStorage.sys.mjs:10:28
_checkPendingPings@resource://gre/modules/TelemetrySend.sys.mjs:859:17
setup@resource://gre/modules/TelemetrySend.sys.mjs:799:18
setup@resource://gre/modules/TelemetrySend.sys.mjs:237:30
setupTelemetry/this._delayedInitTask<@resource://gre/modules/TelemetryControllerParent.sys.mjs:824:36
observe@resource://gre/modules/AsyncShutdown.sys.mjs:576:16

WARNING: Error: Phase "profile-before-change" is finished, it is too late to register completion condition "OS.File: flush I/O queued before profileBeforeChange"
WARNING: addBlocker@resource://gre/modules/AsyncShutdown.sys.mjs:727:15
addBlocker@resource://gre/modules/AsyncShutdown.sys.mjs:523:26
addBlocker@resource://gre/modules/AsyncShutdown.sys.mjs:458:15
setupShutdown@resource://gre/modules/osfile/osfile_async_front.jsm:1548:28
@resource://gre/modules/osfile/osfile_async_front.jsm:1568:16
@resource://gre/modules/osfile.jsm:12:30
@resource://gre/modules/TelemetryStorage.sys.mjs:10:28
_checkPendingPings@resource://gre/modules/TelemetrySend.sys.mjs:859:17
setup@resource://gre/modules/TelemetrySend.sys.mjs:799:18
setup@resource://gre/modules/TelemetrySend.sys.mjs:237:30
setupTelemetry/this._delayedInitTask<@resource://gre/modules/TelemetryControllerParent.sys.mjs:824:36
observe@resource://gre/modules/AsyncShutdown.sys.mjs:576:16

JavaScript error: resource://gre/modules/AsyncShutdown.sys.mjs, line 727: Error: Phase "profile-before-change" is finished, it is too late to register completion condition "OS.File: flush I/O queued before profileBeforeChange"
JavaScript error: resource://gre/modules/AsyncShutdown.sys.mjs, line 727: Error: Phase "profile-before-change" is finished, it is too late to register completion condition "OS.File: flush I/O queued before profileBeforeChange"
JavaScript error: resource://gre/modules/AsyncShutdown.sys.mjs, line 727: Error: Phase "profile-before-change" is finished, it is too late to register completion condition "OS.File: flush I/O queued before profileBeforeChange"
JavaScript error: resource://gre/modules/AsyncShutdown.sys.mjs, line 727: Error: Phase "profile-before-change" is finished, it is too late to register completion condition "OS.File: flush I/O queued before profileBeforeChange"
JavaScript error: resource://gre/modules/AsyncShutdown.sys.mjs, line 727: Error: Phase "profile-before-change" is finished, it is too late to register completion condition "OS.File: flush I/O queued before profileBeforeChange"
JavaScript error: resource://gre/modules/AsyncShutdown.sys.mjs, line 727: Error: Phase "profile-before-change" is finished, it is too late to register completion condition "OS.File: flush I/O queued before profileBeforeChange"
